# JRE version: OpenJDK Runtime Environment (11.0.11+9) (build 11.0.11+9-b60-7590822)
# Java VM: OpenJDK 64-Bit Server VM (11.0.11+9-b60-7590822, mixed mode, tiered, compressed oops, g1 gc, windows-amd64)
Heap:
 garbage-first heap   total 229376K, used 185206K [0x0000000080000000, 0x0000000100000000)
  region size 1024K, 43 young (44032K), 6 survivors (6144K)
 Metaspace       used 148394K, capacity 153023K, committed 157392K, reserved 1185792K
  class space    used 18252K, capacity 19961K, committed 20736K, reserved 1048576K
GC Heap History (20 events):
Event: 20038.974 GC heap before
{Heap before GC invocations=216 (full 0):
 garbage-first heap   total 229376K, used 190666K [0x0000000080000000, 0x0000000100000000)
  region size 1024K, 44 young (45056K), 2 survivors (2048K)
 Metaspace       used 146555K, capacity 151479K, committed 157392K, reserved 1185792K
  class space    used 18133K, capacity 19908K, committed 20736K, reserved 1048576K
}
Event: 20038.988 GC heap after
{Heap after GC invocations=217 (full 0):
 garbage-first heap   total 229376K, used 151687K [0x0000000080000000, 0x0000000100000000)
  region size 1024K, 5 young (5120K), 5 survivors (5120K)
 Metaspace       used 146555K, capacity 151479K, committed 157392K, reserved 1185792K
  class space    used 18133K, capacity 19908K, committed 20736K, reserved 1048576K
}
Event: 20039.488 GC heap before
{Heap before GC invocations=218 (full 0):
 garbage-first heap   total 229376K, used 192647K [0x0000000080000000, 0x0000000100000000)
  region size 1024K, 45 young (46080K), 5 survivors (5120K)
 Metaspace       used 146619K, capacity 151477K, committed 157392K, reserved 1185792K
  class space    used 18129K, capacity 19881K, committed 20736K, reserved 1048576K
}
Event: 20039.504 GC heap after
{Heap after GC invocations=219 (full 0):
 garbage-first heap   total 229376K, used 155118K [0x0000000080000000, 0x0000000100000000)
  region size 1024K, 4 young (4096K), 4 survivors (4096K)
 Metaspace       used 146619K, capacity 151477K, committed 157392K, reserved 1185792K
  class space    used 18129K, capacity 19881K, committed 20736K, reserved 1048576K
}
Event: 20043.986 GC heap before
{Heap before GC invocations=219 (full 0):
 garbage-first heap   total 229376K, used 161262K [0x0000000080000000, 0x0000000100000000)
  region size 1024K, 11 young (11264K), 4 survivors (4096K)
 Metaspace       used 146672K, capacity 151521K, committed 157392K, reserved 1185792K
  class space    used 18137K, capacity 19892K, committed 20736K, reserved 1048576K
}
Event: 20044.028 GC heap after
{Heap after GC invocations=220 (full 0):
 garbage-first heap   total 229376K, used 142534K [0x0000000080000000, 0x0000000100000000)
  region size 1024K, 2 young (2048K), 2 survivors (2048K)
 Metaspace       used 146672K, capacity 151521K, committed 157392K, reserved 1185792K
  class space    used 18137K, capacity 19892K, committed 20736K, reserved 1048576K
}
Event: 20044.501 GC heap before
{Heap before GC invocations=220 (full 0):
 garbage-first heap   total 229376K, used 190662K [0x0000000080000000, 0x0000000100000000)
  region size 1024K, 49 young (50176K), 2 survivors (2048K)
 Metaspace       used 146821K, capacity 151795K, committed 157392K, reserved 1185792K
  class space    used 18154K, capacity 19939K, committed 20736K, reserved 1048576K
}
Event: 20044.547 GC heap after
{Heap after GC invocations=221 (full 0):
 garbage-first heap   total 229376K, used 149110K [0x0000000080000000, 0x0000000100000000)
  region size 1024K, 7 young (7168K), 7 survivors (7168K)
 Metaspace       used 146821K, capacity 151795K, committed 157392K, reserved 1185792K
  class space    used 18154K, capacity 19939K, committed 20736K, reserved 1048576K
}
Event: 20057.177 GC heap before
{Heap before GC invocations=222 (full 0):
 garbage-first heap   total 229376K, used 191094K [0x0000000080000000, 0x0000000100000000)
  region size 1024K, 48 young (49152K), 7 survivors (7168K)
 Metaspace       used 147008K, capacity 152018K, committed 157392K, reserved 1185792K
  class space    used 18180K, capacity 19977K, committed 20736K, reserved 1048576K
}
Event: 20057.196 GC heap after
{Heap after GC invocations=223 (full 0):
 garbage-first heap   total 229376K, used 153501K [0x0000000080000000, 0x0000000100000000)
  region size 1024K, 5 young (5120K), 5 survivors (5120K)
 Metaspace       used 147008K, capacity 152018K, committed 157392K, reserved 1185792K
  class space    used 18180K, capacity 19977K, committed 20736K, reserved 1048576K
}
Event: 20057.261 GC heap before
{Heap before GC invocations=223 (full 0):
 garbage-first heap   total 229376K, used 159645K [0x0000000080000000, 0x0000000100000000)
  region size 1024K, 11 young (11264K), 5 survivors (5120K)
 Metaspace       used 147017K, capacity 152021K, committed 157392K, reserved 1185792K
  class space    used 18180K, capacity 19978K, committed 20736K, reserved 1048576K
}
Event: 20057.283 GC heap after
{Heap after GC invocations=224 (full 0):
 garbage-first heap   total 229376K, used 139779K [0x0000000080000000, 0x0000000100000000)
  region size 1024K, 1 young (1024K), 1 survivors (1024K)
 Metaspace       used 147017K, capacity 152021K, committed 157392K, reserved 1185792K
  class space    used 18180K, capacity 19978K, committed 20736K, reserved 1048576K
}
Event: 20873.132 GC heap before
{Heap before GC invocations=224 (full 0):
 garbage-first heap   total 229376K, used 186883K [0x0000000080000000, 0x0000000100000000)
  region size 1024K, 47 young (48128K), 1 survivors (1024K)
 Metaspace       used 147133K, capacity 152154K, committed 157392K, reserved 1185792K
  class space    used 18189K, capacity 19995K, committed 20736K, reserved 1048576K
}
Event: 20873.159 GC heap after
{Heap after GC invocations=225 (full 0):
 garbage-first heap   total 229376K, used 142017K [0x0000000080000000, 0x0000000100000000)
  region size 1024K, 4 young (4096K), 4 survivors (4096K)
 Metaspace       used 147133K, capacity 152154K, committed 157392K, reserved 1185792K
  class space    used 18189K, capacity 19995K, committed 20736K, reserved 1048576K
}
Event: 22199.698 GC heap before
{Heap before GC invocations=226 (full 0):
 garbage-first heap   total 229376K, used 188097K [0x0000000080000000, 0x0000000100000000)
  region size 1024K, 49 young (50176K), 4 survivors (4096K)
 Metaspace       used 147100K, capacity 152058K, committed 157392K, reserved 1185792K
  class space    used 18175K, capacity 19955K, committed 20736K, reserved 1048576K
}
Event: 22199.710 GC heap after
{Heap after GC invocations=227 (full 0):
 garbage-first heap   total 229376K, used 144497K [0x0000000080000000, 0x0000000100000000)
  region size 1024K, 6 young (6144K), 6 survivors (6144K)
 Metaspace       used 147100K, capacity 152058K, committed 157392K, reserved 1185792K
  class space    used 18175K, capacity 19955K, committed 20736K, reserved 1048576K
}
Event: 22199.772 GC heap before
{Heap before GC invocations=227 (full 0):
 garbage-first heap   total 229376K, used 149617K [0x0000000080000000, 0x0000000100000000)
  region size 1024K, 11 young (11264K), 6 survivors (6144K)
 Metaspace       used 147112K, capacity 152058K, committed 157392K, reserved 1185792K
  class space    used 18175K, capacity 19955K, committed 20736K, reserved 1048576K
}
Event: 22199.811 GC heap after
{Heap after GC invocations=228 (full 0):
 garbage-first heap   total 229376K, used 142481K [0x0000000080000000, 0x0000000100000000)
  region size 1024K, 2 young (2048K), 2 survivors (2048K)
 Metaspace       used 147112K, capacity 152058K, committed 157392K, reserved 1185792K
  class space    used 18175K, capacity 19955K, committed 20736K, reserved 1048576K
}
Event: 22202.675 GC heap before
{Heap before GC invocations=228 (full 0):
 garbage-first heap   total 229376K, used 188561K [0x0000000080000000, 0x0000000100000000)
  region size 1024K, 48 young (49152K), 2 survivors (2048K)
 Metaspace       used 148854K, capacity 153906K, committed 157392K, reserved 1185792K
  class space    used 18370K, capacity 20189K, committed 20736K, reserved 1048576K
}
Event: 22202.702 GC heap after
{Heap after GC invocations=229 (full 0):
 garbage-first heap   total 229376K, used 148342K [0x0000000080000000, 0x0000000100000000)
  region size 1024K, 6 young (6144K), 6 survivors (6144K)
 Metaspace       used 148854K, capacity 153906K, committed 157392K, reserved 1185792K
  class space    used 18370K, capacity 20189K, committed 20736K, reserved 1048576K
}

